Arguments: 
  /usr/bin/node /usr/bin/yarnpkg add typescipt

PATH: 
  /usr/local/sbin:/usr/local/bin:/usr/sbin:/usr/bin:/sbin:/bin:/usr/games:/usr/local/games:/snap/bin

Yarn version: 
  1.22.4

Node version: 
  10.19.0

Platform: 
  linux x64

Trace: 
  Error: https://registry.yarnpkg.com/typescipt: Not found
      at Request.params.callback [as _callback] (/usr/share/nodejs/yarn/lib/util/request-manager.js:452:18)
      at Request.self.callback (/usr/share/nodejs/request/request.js:185:22)
      at Request.emit (events.js:198:13)
      at Request.<anonymous> (/usr/share/nodejs/request/request.js:1161:10)
      at Request.emit (events.js:198:13)
      at IncomingMessage.<anonymous> (/usr/share/nodejs/request/request.js:1083:12)
      at Object.onceWrapper (events.js:286:20)
      at IncomingMessage.emit (events.js:203:15)
      at endReadableNT (_stream_readable.js:1145:12)
      at process._tickCallback (internal/process/next_tick.js:63:19)

npm manifest: 
  {
    "name": "one_try",
    "version": "1.0.0",
    "main": "index.js",
    "license": "MIT"
  }

yarn manifest: 
  No manifest

Lockfile: 
  No lockfile
